<?xml version="1.0" encoding="UTF-8"?>
<testng-results ignored="3" total="4" passed="1" failed="0" skipped="0">
  <reporter-output>
  </reporter-output>
  <suite started-at="2022-03-05T01:41:18 EST" name="Test Suite" finished-at="2022-03-05T01:41:50 EST" duration-ms="32312">
    <groups>
    </groups>
    <test started-at="2022-03-05T01:41:18 EST" name="Regression" finished-at="2022-03-05T01:41:50 EST" duration-ms="32312">
      <class name="com.thvp.test.TransferPrescription">
        <test-method is-config="true" signature="loadBaseUrl(java.lang.reflect.Method)[pri:0, instance:com.thvp.test.TransferPrescription@60957c0f]" started-at="2022-03-05T01:41:18 EST" name="loadBaseUrl" finished-at="2022-03-05T01:41:23 EST" duration-ms="4457" status="PASS">
          <params>
            <param index="0">
              <value>
                <![CDATA[public void com.thvp.test.TransferPrescription.transfer_test2(java.lang.String,java.lang.String,java.lang.String,java.lang.String) throws java.lang.Exception]]>
              </value>
            </param>
          </params>
          <reporter-output>
          </reporter-output>
        </test-method> <!-- loadBaseUrl -->
        <test-method signature="transfer_test2(java.lang.String, java.lang.String, java.lang.String, java.lang.String)[pri:0, instance:com.thvp.test.TransferPrescription@60957c0f]" started-at="2022-03-05T01:41:23 EST" name="transfer_test2" finished-at="2022-03-05T01:41:50 EST" duration-ms="27759" status="PASS">
          <params>
            <param index="0">
              <value>
                <![CDATA[ti01@mailinator.com]]>
              </value>
            </param>
            <param index="1">
              <value>
                <![CDATA[12345678]]>
              </value>
            </param>
            <param index="2">
              <value>
                <![CDATA[Allaiance DB]]>
              </value>
            </param>
            <param index="3">
              <value>
                <![CDATA[4166666666]]>
              </value>
            </param>
          </params>
          <reporter-output>
          </reporter-output>
        </test-method> <!-- transfer_test2 -->
        <test-method is-config="true" signature="screenshotAndDeleteCookies(org.testng.ITestResult)[pri:0, instance:com.thvp.test.TransferPrescription@60957c0f]" started-at="2022-03-05T01:41:50 EST" name="screenshotAndDeleteCookies" finished-at="2022-03-05T01:41:50 EST" duration-ms="60" status="PASS">
          <params>
            <param index="0">
              <value>
                <![CDATA[[TestResult name=transfer_test2 status=SUCCESS method=TransferPrescription.transfer_test2(java.lang.String, java.lang.String, java.lang.String, java.lang.String)[pri:0, instance:com.thvp.test.TransferPrescription@60957c0f] output={null}]]]>
              </value>
            </param>
          </params>
          <reporter-output>
          </reporter-output>
        </test-method> <!-- screenshotAndDeleteCookies -->
      </class> <!-- com.thvp.test.TransferPrescription -->
      <class name="com.thvp.test.Login">
        <test-method is-config="true" signature="suiteSetup()[pri:0, instance:com.thvp.test.Login@7e5d9a50]" started-at="2022-03-05T01:41:16 EST" name="suiteSetup" finished-at="2022-03-05T01:41:18 EST" duration-ms="2092" status="PASS">
          <reporter-output>
          </reporter-output>
        </test-method> <!-- suiteSetup -->
      </class> <!-- com.thvp.test.Login -->
    </test> <!-- Regression -->
  </suite> <!-- Test Suite -->
</testng-results>
