<?xml version="1.0" encoding="UTF-8"?>
<!-- Generated by org.testng.reporters.JUnitXMLReporter -->
<testsuite ignored="2" hostname="BA-000095818" failures="0" tests="0" time="0.0" errors="0" timestamp="2022-01-01T22:36:16 IST">
  <testcase classname="automationpractice.UserRegestration" name="createAccountTest" time="0.0">
    <ignored/>
  </testcase> <!-- createAccountTest -->
  <testcase classname="automationpractice.UserRegestration" name="verifyElemntsOnRegPageTest" time="0.0">
    <ignored/>
  </testcase> <!-- verifyElemntsOnRegPageTest -->
</testsuite>
