<?xml version="1.0" encoding="UTF-8"?>
<!-- Generated by org.testng.reporters.JUnitXMLReporter -->
<testsuite ignored="4" hostname="BA-000095818" failures="0" tests="1" name="Validating Landing Page" time="10.555" errors="0" timestamp="2022-01-01T22:36:16 IST">
  <testcase classname="automationpractice.LandingPageTest" name="footer_link" time="0.086"/>
  <testcase classname="automationpractice.LandingPageTest" name="signup" time="0.0">
    <ignored/>
  </testcase> <!-- signup -->
  <testcase classname="automationpractice.LandingPageTest" name="lp_Verify" time="0.0">
    <ignored/>
  </testcase> <!-- lp_Verify -->
  <testcase classname="automationpractice.LandingPageTest" name="linkCountVerificationTest" time="0.0">
    <ignored/>
  </testcase> <!-- linkCountVerificationTest -->
  <testcase classname="automationpractice.LandingPageTest" name="getTextOfLinks" time="0.0">
    <ignored/>
  </testcase> <!-- getTextOfLinks -->
</testsuite> <!-- Validating Landing Page -->
