<?xml version="1.0" encoding="UTF-8"?>
<testng-results ignored="4" total="5" passed="1" failed="0" skipped="0">
  <reporter-output>
  </reporter-output>
  <suite started-at="2022-03-05T08:24:38 EST" name="Test Suite" finished-at="2022-03-05T08:25:12 EST" duration-ms="33996">
    <groups>
    </groups>
    <test started-at="2022-03-05T08:24:38 EST" name="Regression" finished-at="2022-03-05T08:25:12 EST" duration-ms="33996">
      <class name="com.thvp.test.TransferPrescription">
        <test-method is-config="true" signature="loadBaseUrl(java.lang.reflect.Method)[pri:0, instance:com.thvp.test.TransferPrescription@7f8a9499]" started-at="2022-03-05T08:24:39 EST" name="loadBaseUrl" finished-at="2022-03-05T08:24:44 EST" duration-ms="5022" status="PASS">
          <params>
            <param index="0">
              <value>
                <![CDATA[public void com.thvp.test.TransferPrescription.transfer_test2(java.lang.String,java.lang.String,java.lang.String,java.lang.String) throws java.lang.Exception]]>
              </value>
            </param>
          </params>
          <reporter-output>
          </reporter-output>
        </test-method> <!-- loadBaseUrl -->
        <test-method signature="transfer_test2(java.lang.String, java.lang.String, java.lang.String, java.lang.String)[pri:0, instance:com.thvp.test.TransferPrescription@7f8a9499]" started-at="2022-03-05T08:24:44 EST" name="transfer_test2" finished-at="2022-03-05T08:25:12 EST" duration-ms="28883" status="PASS">
          <params>
            <param index="0">
              <value>
                <![CDATA[ti01@mailinator.com]]>
              </value>
            </param>
            <param index="1">
              <value>
                <![CDATA[12345678]]>
              </value>
            </param>
            <param index="2">
              <value>
                <![CDATA[Allaiance DB]]>
              </value>
            </param>
            <param index="3">
              <value>
                <![CDATA[4166666666]]>
              </value>
            </param>
          </params>
          <reporter-output>
          </reporter-output>
        </test-method> <!-- transfer_test2 -->
        <test-method is-config="true" signature="screenshotAndDeleteCookies(org.testng.ITestResult)[pri:0, instance:com.thvp.test.TransferPrescription@7f8a9499]" started-at="2022-03-05T08:25:12 EST" name="screenshotAndDeleteCookies" finished-at="2022-03-05T08:25:12 EST" duration-ms="56" status="PASS">
          <params>
            <param index="0">
              <value>
                <![CDATA[[TestResult name=transfer_test2 status=SUCCESS method=TransferPrescription.transfer_test2(java.lang.String, java.lang.String, java.lang.String, java.lang.String)[pri:0, instance:com.thvp.test.TransferPrescription@7f8a9499] output={null}]]]>
              </value>
            </param>
          </params>
          <reporter-output>
          </reporter-output>
        </test-method> <!-- screenshotAndDeleteCookies -->
      </class> <!-- com.thvp.test.TransferPrescription -->
      <class name="com.thvp.test.Login">
        <test-method is-config="true" signature="suiteSetup()[pri:0, instance:com.thvp.test.Login@2b72cb8a]" started-at="2022-03-05T08:24:36 EST" name="suiteSetup" finished-at="2022-03-05T08:24:38 EST" duration-ms="2749" status="PASS">
          <reporter-output>
          </reporter-output>
        </test-method> <!-- suiteSetup -->
        <test-method is-config="true" signature="suiteTearDown()[pri:0, instance:com.thvp.test.Login@2b72cb8a]" started-at="2022-03-05T08:25:12 EST" name="suiteTearDown" finished-at="2022-03-05T08:25:13 EST" duration-ms="746" status="PASS">
          <reporter-output>
          </reporter-output>
        </test-method> <!-- suiteTearDown -->
      </class> <!-- com.thvp.test.Login -->
    </test> <!-- Regression -->
  </suite> <!-- Test Suite -->
</testng-results>
