<?xml version="1.0" encoding="UTF-8"?>
<!-- Generated by org.testng.reporters.JUnitXMLReporter -->
<testsuite ignored="2" hostname="BA-000095818" failures="0" tests="0" time="0.006" errors="0" timestamp="2022-03-05T00:36:24 EST">
  <testcase classname="com.thvp.test.TransferPrescription" name="transfer_test1" time="0.0">
    <ignored/>
  </testcase> <!-- transfer_test1 -->
  <testcase classname="com.thvp.test.TransferPrescription" name="transfer_test2" time="0.0">
    <ignored/>
  </testcase> <!-- transfer_test2 -->
</testsuite>
