<?xml version="1.0" encoding="UTF-8"?>
<!-- Generated by org.testng.reporters.JUnitXMLReporter -->
<testsuite ignored="1" hostname="BA-000095818" failures="0" tests="4" name="Default test" time="0.094" errors="0" timestamp="2021-10-18T09:07:00 PDT">
  <testcase classname="test.day3" name="apiLogin" time="0.01"/>
  <testcase classname="test.day3" name="mobileLogin" time="0.002"/>
  <testcase classname="test.day3" name="mobilesingout" time="0.002"/>
  <testcase classname="test.day3" name="weblogin" time="0.002"/>
  <testcase classname="test.day3" name="mobilesignin" time="0.0">
    <ignored/>
  </testcase> <!-- mobilesignin -->
</testsuite> <!-- Default test -->
