<?xml version="1.0" encoding="UTF-8"?>
<!-- Generated by org.testng.reporters.JUnitXMLReporter -->
<testsuite ignored="4" hostname="BA-000095818" failures="0" tests="1" name="Regression" time="33.996" errors="0" timestamp="2022-03-05T08:25:12 EST">
  <testcase classname="com.thvp.test.TransferPrescription" name="transfer_test2" time="28.883"/>
  <testcase classname="com.thvp.test.Login" name="loginTest" time="0.0">
    <ignored/>
  </testcase> <!-- loginTest -->
  <testcase classname="com.thvp.base.TestBase" name="@BeforeSuite suiteSetup" time="0.0">
    <ignored/>
  </testcase> <!-- @BeforeSuite suiteSetup -->
  <testcase classname="com.thvp.base.TestBase" name="@AfterSuite suiteTearDown" time="0.0">
    <ignored/>
  </testcase> <!-- @AfterSuite suiteTearDown -->
  <testcase classname="com.thvp.test.TransferPrescription" name="transfer_test1" time="0.0">
    <ignored/>
  </testcase> <!-- transfer_test1 -->
</testsuite> <!-- Regression -->
