<?xml version="1.0" encoding="UTF-8"?>
<!-- Generated by org.testng.reporters.JUnitXMLReporter -->
<testsuite ignored="0" hostname="BA-000095818" failures="0" tests="3" name="Registration" time="43.146" errors="0" timestamp="2022-02-20T17:24:29 IST">
  <testcase classname="Academy.Registration" name="linkVerification" time="9.042"/>
  <testcase classname="Academy.Registration" name="reg" time="4.712"/>
  <testcase classname="Academy.Registration" name="regPageNavigation" time="3.273"/>
</testsuite> <!-- Registration -->
