<?xml version="1.0" encoding="UTF-8"?>
<testng-results ignored="0" total="1" passed="1" failed="0" skipped="0">
  <reporter-output>
  </reporter-output>
  <suite started-at="2022-01-23T13:00:40 IST" name="Default suite" finished-at="2022-01-23T13:00:47 IST" duration-ms="7303">
    <groups>
    </groups>
    <test started-at="2022-01-23T13:00:40 IST" name="Default test" finished-at="2022-01-23T13:00:47 IST" duration-ms="7303">
      <class name="TestCase.LoginApplication">
        <test-method signature="login()[pri:0, instance:TestCase.LoginApplication@6f27a732]" started-at="2022-01-23T13:00:40 IST" name="login" finished-at="2022-01-23T13:00:47 IST" duration-ms="7266" status="PASS">
          <reporter-output>
          </reporter-output>
        </test-method> <!-- login -->
      </class> <!-- TestCase.LoginApplication -->
    </test> <!-- Default test -->
  </suite> <!-- Default suite -->
</testng-results>
