<?xml version="1.0" encoding="UTF-8"?>
<testsuite xmlns:xsi="http://www.w3.org/2001/XMLSchema-instance" xsi:noNamespaceSchemaLocation="https://maven.apache.org/surefire/maven-surefire-plugin/xsd/surefire-test-report-3.0.xsd" version="3.0" name="TestSuite" time="82.205" tests="8" errors="0" skipped="0" failures="0">
  <properties>
[...]
</properties>
  <testcase name="basePageNavigation" classname="Academy.TitleVerification" time="0.071">
    <system-err><![CDATA[1645357989440	geckodriver	INFO	Listening on 127.0.0.1:21958
1645357989993	mozrunner::runner	INFO	Running command: "C:\\Program Files\\Mozilla Firefox\\firefox.exe" "--marionette" "-foreground" "-no-remote" "-profile" "C:\\Users\\ATULKU~1.SHA\\AppData\\Local\\Temp\\rust_mozprofilefZVkAD"
1645357991700	Marionette	INFO	Marionette enabled
console.warn: SearchSettings: "get: No settings file exists, new profile?" (new NotFoundError("Could not open the file at C:\\Users\\atulkumar.sharma\\AppData\\Local\\Temp\\rust_mozprofilefZVkAD\\search.json.mozlz4", (void 0)))
1645357997807	Marionette	INFO	Listening on port 49985
1645357998186	RemoteAgent	WARN	TLS certificate errors will be ignored for this session
Feb 20, 2022 5:23:18 PM org.openqa.selenium.remote.ProtocolHandshake createSession
INFO: Detected dialect: W3C
]]></system-err>
  </testcase>
  <testcase name="headerVerification" classname="Academy.TitleVerification" time="0.02"/>
  <testcase name="basePageNavigation" classname="Academy.navigationBarValidation" time="0.088">
    <system-err><![CDATA[1645358001440	Marionette	INFO	Stopped listening on port 49985

###!!! [Parent][PContentParent] Error: Send(msgname=PContent::Msg_DestroyBrowsingContextGroup) Closed channel: cannot send/recv


###!!! [Child][PContentChild] Error: RunMessage(msgname=PHttpChannel::Msg_DeleteSelf) Channel closing: too late to send/recv, messages will be lost


###!!! [Parent][PGPUParent] Error: RunMessage(msgname=PGPU::Msg_ShutdownVR) Channel closing: too late to send/recv, messages will be lost

1645358003667	geckodriver	INFO	Listening on 127.0.0.1:26177
1645358003741	mozrunner::runner	INFO	Running command: "C:\\Program Files\\Mozilla Firefox\\firefox.exe" "--marionette" "-foreground" "-no-remote" "-profile" "C:\\Users\\ATULKU~1.SHA\\AppData\\Local\\Temp\\rust_mozprofilezrPH0z"
1645358004462	Marionette	INFO	Marionette enabled
console.warn: SearchSettings: "get: No settings file exists, new profile?" (new NotFoundError("Could not open the file at C:\\Users\\atulkumar.sharma\\AppData\\Local\\Temp\\rust_mozprofilezrPH0z\\search.json.mozlz4", (void 0)))
1645358007320	Marionette	INFO	Listening on port 50281
1645358007562	RemoteAgent	WARN	TLS certificate errors will be ignored for this session
Feb 20, 2022 5:23:27 PM org.openqa.selenium.remote.ProtocolHandshake createSession
INFO: Detected dialect: W3C
]]></system-err>
  </testcase>
  <testcase name="basePageNavigation[nonrestricted@gmail.com, 1234567, Restricted user](1)" classname="Academy.HomePage" time="6.447">
    <system-err><![CDATA[1645358010471	Marionette	INFO	Stopped listening on port 50281
[Parent 48616, IPC I/O Parent] WARNING: file /builds/worker/checkouts/gecko/ipc/chromium/src/base/process_util_win.cc:167

###!!! [Child][PContentChild] Error: RunMessage(msgname=PHttpChannel::Msg_DeleteSelf) Channel closing: too late to send/recv, messages will be lost


###!!! [Parent][PGPUParent] Error: RunMessage(msgname=PGPU::Msg_ShutdownVR) Channel closing: too late to send/recv, messages will be lost

1645358012284	geckodriver	INFO	Listening on 127.0.0.1:7101
1645358012366	mozrunner::runner	INFO	Running command: "C:\\Program Files\\Mozilla Firefox\\firefox.exe" "--marionette" "-foreground" "-no-remote" "-profile" "C:\\Users\\ATULKU~1.SHA\\AppData\\Local\\Temp\\rust_mozprofileR6rrhE"
1645358013040	Marionette	INFO	Marionette enabled
console.warn: SearchSettings: "get: No settings file exists, new profile?" (new NotFoundError("Could not open the file at C:\\Users\\atulkumar.sharma\\AppData\\Local\\Temp\\rust_mozprofileR6rrhE\\search.json.mozlz4", (void 0)))
1645358016174	Marionette	INFO	Listening on port 50634
1645358016239	RemoteAgent	WARN	TLS certificate errors will be ignored for this session
Feb 20, 2022 5:23:36 PM org.openqa.selenium.remote.ProtocolHandshake createSession
INFO: Detected dialect: W3C
console.warn: LoginRecipes: "getRecipes: falling back to a synchronous message for:" "https://rahulshettyacademy.com"
console.warn: LoginRecipes: "getRecipes: falling back to a synchronous message for:" "https://rahulshettyacademy.com"
JavaScript error: resource://gre/modules/LoginManagerParent.jsm, line 136: TypeError: gRecipeManager is null
console.warn: LoginRecipes: "getRecipes: falling back to a synchronous message for:" "https://rahulshettyacademy.com"
JavaScript error: resource://gre/modules/LoginManagerParent.jsm, line 136: TypeError: gRecipeManager is null
console.warn: LoginRecipes: "getRecipes: falling JbaavcakS ctroi pat  error: resource://gre/modsuynlcesh/rLoongoiuns MamneasgseargPea rfeonrt:."j s"mh,t tlpsi:n//e r1ahulshett3y6a:c aTdyepmeEyr.rcoomr":
 gRecipeManager is null
console.warn: LoginRecipes: "getRecipes: falling back to a synchronous message for:" "https://rahulshettyacademy.com"
JavaScript error: resource://gre/modules/LoginManagerParent.jsm, line 136: TypeError: gRecipeManager is null
]]></system-err>
  </testcase>
  <testcase name="basePageNavigation[restricted@gmail.com, 67855, non resticted user](2)" classname="Academy.HomePage" time="2.128">
    <system-err><![CDATA[console.warn: LoginRecipes: "getRecipes: falling back to a synchronous message for:" "https://rahulshettyacademy.com"
JavaScript error: resource://gre/modules/LoginManagerParent.jsm, line 136: TypeError: gRecipeManager is null
console.warn: LoginRecipes: "getRecipes: falling back to a synchronous message for:" "https://rahulshettyacademy.com"
JavaScript error: resource://gre/modules/LoginManagerParent.jsm, line 136: TypeError: gRecipeManager is null
console.warn: LoginRecipes: "getRecipes: falling back to a synchronous message for:" "https://rahulshettyacademy.Jacvoam"S
cript error: resource://gre/modules/LoginManagerParent.jsm, line 136: TypeError: gRecipeManager is null
console.warn: LoginRecipes: "getRecipes: falling back to a synchronous message for:" "https://rahulshettyacademy.com"
JavaScript error: resource://gre/modules/LoginManagerParent.jsm, line 136: TypeError: gRecipeManager is null
console.warn: LoginRecipes: "getRecipes: falling back to a synchronous message for:" "https://rahulshettyacademy.com"
JavaScript error: resource://gre/modules/LoginManagerParent.jsm, line 136: TypeError: gRecipeManager is null
]]></system-err>
  </testcase>
  <testcase name="linkVerification" classname="Academy.Registration" time="9.001">
    <system-err><![CDATA[1645358024891	Marionette	INFO	Stopped listening on port 50634

###!!! [Parent][PGPUParent] Error: RunMessage(msgname=PGPU::Msg_ShutdownVR) Channel closing: too late to send/recv, messages will be lost

1645358026450	geckodriver	INFO	Listening on 127.0.0.1:25736
1645358026507	mozrunner::runner	INFO	Running command: "C:\\Program Files\\Mozilla Firefox\\firefox.exe" "--marionette" "-foreground" "-no-remote" "-profile" "C:\\Users\\ATULKU~1.SHA\\AppData\\Local\\Temp\\rust_mozprofileb0NcVI"
1645358027134	Marionette	INFO	Marionette enabled
console.warn: SearchSettings: "get: No settings file exists, new profile?" (new NotFoundError("Could not open the file at C:\\Users\\atulkumar.sharma\\AppData\\Local\\Temp\\rust_mozprofileb0NcVI\\search.json.mozlz4", (void 0)))
1645358030041	Marionette	INFO	Listening on port 50876
1645358030271	RemoteAgent	WARN	TLS certificate errors will be ignored for this session
Feb 20, 2022 5:23:50 PM org.openqa.selenium.remote.ProtocolHandshake createSession
INFO: Detected dialect: W3C
JavaScript error: http://load.sumome.com/, line 1: Error: Loading chunk 7 failed.
(error: https://load.sumo.com/7.0a035390359aab65eb82.js)
]]></system-err>
  </testcase>
  <testcase name="reg[Atul, katul302@gmail.com, Password@123](1)" classname="Academy.Registration" time="4.702">
    <system-err><![CDATA[1645358042203	Marionette	INFO	Stopped listening on port 50876

###!!! [Parent][PContentParent] Error: Send(msgname=PContent::Msg_DestroyBrowsingContextGroup) Closed channel: cannot send/recv


###!!! [Parent][PGPUParent] Error: RunMessage(msgname=PGPU::Msg_ShutdownVR) Channel closing: too late to send/recv, messages will be lost

1645358043547	geckodriver	INFO	Listening on 127.0.0.1:29640
1645358043614	mozrunner::runner	INFO	Running command: "C:\\Program Files\\Mozilla Firefox\\firefox.exe" "--marionette" "-foreground" "-no-remote" "-profile" "C:\\Users\\ATULKU~1.SHA\\AppData\\Local\\Temp\\rust_mozprofilepZPiXd"
1645358044213	Marionette	INFO	Marionette enabled
console.warn: SearchSettings: "get: No settings file exists, new profile?" (new NotFoundError("Could not open the file at C:\\Users\\atulkumar.sharma\\AppData\\Local\\Temp\\rust_mozprofilepZPiXd\\search.json.mozlz4", (void 0)))
1645358047826	Marionette	INFO	Listening on port 51206
1645358047902	RemoteAgent	WARN	TLS certificate errors will be ignored for this session
Feb 20, 2022 5:24:07 PM org.openqa.selenium.remote.ProtocolHandshake createSession
INFO: Detected dialect: W3C
console.warn: LoginRecipes: "getRecipes: falling back to a synchronous message for:" "https://sso.teachable.com"
console.warn: LoginRecipes: "getRecipes: falling back to a synchronous message for:" "https://sso.teachable.com"
JavaScript error: resource://gre/modules/LoginManagerParent.jsm, line 136: TypeError: gRecipeManager is null
]]></system-err>
  </testcase>
  <testcase name="regPageNavigation" classname="Academy.Registration" time="3.271">
    <system-err><![CDATA[1645358055753	Marionette	INFO	Stopped listening on port 51206
console.warn: LoginRecipes: "getRecipes: falling back to a synchronous message for:" "https://sso.teachable.com"
JavaScript error: resource://gre/modules/LoginManagerParent.jsm, line 136: TypeError: gRecipeManager is null
[Parent 53564, IPC I/O Parent] WARNING: file /builds/worker/checkouts/gecko/ipc/chromium/src/base/process_util_win.cc:167

###!!! [Parent][PContentParent] Error: Send(msgname=PContent::Msg_DestroyBrowsingContextGroup) Closed channel: cannot send/recv

[Parent 53564, IPC I/O Parent] WARNING: file /builds/worker/checkouts/gecko/ipc/chromium/src/base/process_util_win.cc:167
1645358057441	geckodriver	INFO	Listening on 127.0.0.1:36208
1645358057513	mozrunner::runner	INFO	Running command: "C:\\Program Files\\Mozilla Firefox\\firefox.exe" "--marionette" "-foreground" "-no-remote" "-profile" "C:\\Users\\ATULKU~1.SHA\\AppData\\Local\\Temp\\rust_mozprofileHyoPKD"
1645358058233	Marionette	INFO	Marionette enabled
console.warn: SearchSettings: "get: No settings file exists, new profile?" (new NotFoundError("Could not open the file at C:\\Users\\atulkumar.sharma\\AppData\\Local\\Temp\\rust_mozprofileHyoPKD\\search.json.mozlz4", (void 0)))
1645358061585	Marionette	INFO	Listening on port 51553
1645358061804	RemoteAgent	WARN	TLS certificate errors will be ignored for this session
Feb 20, 2022 5:24:21 PM org.openqa.selenium.remote.ProtocolHandshake createSession
INFO: Detected dialect: W3C
]]></system-err>
  </testcase>
</testsuite>