<?xml version="1.0" encoding="UTF-8"?>
<!-- Generated by org.testng.reporters.JUnitXMLReporter -->
<testsuite ignored="0" hostname="BA-000095818" failures="0" tests="3" name="Submit Order Test" time="97.413" errors="0" timestamp="2023-01-26T02:29:44 EST">
  <testcase classname="atulpracticecompany.tests.SubmitOrderTest" name="submitOrder" time="12.828"/>
  <testcase classname="atulpracticecompany.tests.SubmitOrderTest" name="submitOrder" time="13.315"/>
  <testcase classname="atulpracticecompany.tests.SubmitOrderTest" name="orderHistory" time="1.051"/>
</testsuite> <!-- Submit Order Test -->
