<?xml version="1.0" encoding="UTF-8"?>
<testng-results ignored="7" total="8" passed="1" failed="0" skipped="0">
  <reporter-output>
  </reporter-output>
  <suite started-at="2022-01-01T22:36:06 IST" name="Suite" finished-at="2022-01-01T22:36:16 IST" duration-ms="10602">
    <groups>
    </groups>
    <test started-at="2022-01-01T22:36:06 IST" name="Validating Landing Page" finished-at="2022-01-01T22:36:16 IST" duration-ms="10555">
      <class name="automationpractice.LandingPageTest">
        <test-method is-config="true" signature="intialize()[pri:0, instance:automationpractice.LandingPageTest@1c93f6e1]" started-at="2022-01-01T22:36:06 IST" name="intialize" finished-at="2022-01-01T22:36:16 IST" duration-ms="10310" status="PASS">
          <reporter-output>
          </reporter-output>
        </test-method> <!-- intialize -->
        <test-method signature="footer_link()[pri:0, instance:automationpractice.LandingPageTest@1c93f6e1]" started-at="2022-01-01T22:36:16 IST" name="footer_link" finished-at="2022-01-01T22:36:16 IST" duration-ms="86" status="PASS">
          <reporter-output>
          </reporter-output>
        </test-method> <!-- footer_link -->
        <test-method is-config="true" signature="tearDown()[pri:0, instance:automationpractice.LandingPageTest@1c93f6e1]" started-at="2022-01-01T22:36:16 IST" name="tearDown" finished-at="2022-01-01T22:36:16 IST" duration-ms="119" status="PASS">
          <reporter-output>
          </reporter-output>
        </test-method> <!-- tearDown -->
      </class> <!-- automationpractice.LandingPageTest -->
    </test> <!-- Validating Landing Page -->
    <test started-at="2022-01-01T22:36:16 IST" name="User Registration" finished-at="2022-01-01T22:36:16 IST" duration-ms="0">
    </test> <!-- User Registration -->
    <test started-at="2022-01-01T22:36:16 IST" name="User Login" finished-at="2022-01-01T22:36:16 IST" duration-ms="0">
    </test> <!-- User Login -->
  </suite> <!-- Suite -->
</testng-results>
