<?xml version="1.0" encoding="UTF-8"?>
<!-- Generated by org.testng.reporters.JUnitXMLReporter -->
<testsuite ignored="0" hostname="BA-000095818" failures="0" tests="3" name="Submit Order Test" time="102.191" errors="0" timestamp="2023-01-26T11:53:16 EST">
  <testcase classname="atulpracticecompany.tests.SubmitOrderTest" name="submitOrder" time="13.349"/>
  <testcase classname="atulpracticecompany.tests.SubmitOrderTest" name="submitOrder" time="14.54"/>
  <testcase classname="atulpracticecompany.tests.SubmitOrderTest" name="orderHistory" time="0.916"/>
</testsuite> <!-- Submit Order Test -->
