<?xml version="1.0" encoding="UTF-8"?>
<!-- Generated by org.testng.reporters.JUnitXMLReporter -->
<testsuite ignored="4" hostname="BA-000095818" failures="0" tests="3" name="Car Loan" time="0.014" errors="0" timestamp="2021-10-19T20:14:31 PDT">
  <testcase classname="test.day3" name="apiLogin" time="0.001"/>
  <testcase classname="test.day3" name="apiLogin" time="0.001"/>
  <testcase classname="test.day3" name="apiLogin" time="0.001"/>
  <testcase classname="test.day3" name="weblogin" time="0.0">
    <ignored/>
  </testcase> <!-- weblogin -->
  <testcase classname="test.day3" name="mobilesingout" time="0.0">
    <ignored/>
  </testcase> <!-- mobilesingout -->
  <testcase classname="test.day3" name="mobilesignin" time="0.0">
    <ignored/>
  </testcase> <!-- mobilesignin -->
  <testcase classname="test.day3" name="mobileLogin" time="0.0">
    <ignored/>
  </testcase> <!-- mobileLogin -->
</testsuite> <!-- Car Loan -->
