<?xml version="1.0" encoding="UTF-8"?>
<!-- Generated by org.testng.reporters.JUnitXMLReporter -->
<testsuite ignored="2" hostname="BA-000095818" failures="0" tests="4" name="Personal Loan" time="0.058" errors="0" timestamp="2021-10-19T20:14:31 PDT">
  <testcase classname="test.day1" name="Secondtest" time="0.005"/>
  <testcase classname="test.day1" name="demo" time="0.001"/>
  <testcase classname="test.day2" name="ThirdTest" time="0.002"/>
  <testcase classname="test.day4" name="webloginHomeLoan" time="0.001"/>
  <testcase classname="test.day4" name="mobileLoginHomeLoan" time="0.0">
    <ignored/>
  </testcase> <!-- mobileLoginHomeLoan -->
  <testcase classname="test.day4" name="apiLoginHomeLoan" time="0.0">
    <ignored/>
  </testcase> <!-- apiLoginHomeLoan -->
</testsuite> <!-- Personal Loan -->
