<?xml version="1.0" encoding="UTF-8"?>
<!-- Generated by org.testng.reporters.JUnitXMLReporter -->
<testsuite ignored="7" hostname="BA-000095818" failures="0" tests="4" name="Regression" time="0.048" errors="0" timestamp="2021-10-18T08:28:02 PDT">
  <testcase classname="test.day1" name="Secondtest" time="0.009"/>
  <testcase classname="test.day2" name="ThirdTest" time="0.001"/>
  <testcase classname="test.day4" name="webloginHomeLoan" time="0.001"/>
  <testcase classname="test.day3" name="mobileLogin" time="0.002"/>
  <testcase classname="test.day1" name="demo" time="0.0">
    <ignored/>
  </testcase> <!-- demo -->
  <testcase classname="test.day4" name="mobileLoginHomeLoan" time="0.0">
    <ignored/>
  </testcase> <!-- mobileLoginHomeLoan -->
  <testcase classname="test.day4" name="apiLoginHomeLoan" time="0.0">
    <ignored/>
  </testcase> <!-- apiLoginHomeLoan -->
  <testcase classname="test.day3" name="weblogin" time="0.0">
    <ignored/>
  </testcase> <!-- weblogin -->
  <testcase classname="test.day3" name="mobilesingout" time="0.0">
    <ignored/>
  </testcase> <!-- mobilesingout -->
  <testcase classname="test.day3" name="mobilesignin" time="0.0">
    <ignored/>
  </testcase> <!-- mobilesignin -->
  <testcase classname="test.day3" name="apiLogin" time="0.0">
    <ignored/>
  </testcase> <!-- apiLogin -->
</testsuite> <!-- Regression -->
