<?xml version="1.0" encoding="UTF-8"?>
<testsuite xmlns:xsi="http://www.w3.org/2001/XMLSchema-instance" xsi:noNamespaceSchemaLocation="https://maven.apache.org/surefire/maven-surefire-plugin/xsd/surefire-test-report-3.0.xsd" version="3.0" name="TestSuite" time="19.374" tests="2" errors="0" skipped="0" failures="0">
  <properties>
[...]
</properties>
  <testcase name="flightTest[{destination=HYD, origin2=HYD, destination2=DEL, origin=MAA}](1)" classname="org.atulsharmaqaacademy.DemoTest" time="7.229">
    <system-out><![CDATA[user.dirsrc/test/java/DataLoad/TestData.json
group-traveller
selected
14
6
I am inside Multi Trip
Select origin city as:HYD
select destination2 as :DEL
]]></system-out>
    <system-err><![CDATA[Starting ChromeDriver 98.0.4758.80 (7f0488e8ba0d8e019187c6325a16c29d9b7f4989-refs/branch-heads/4758@{#972}) on port 33400
Only local connections are allowed.
Please see https://chromedriver.chromium.org/security-considerations for suggestions on keeping ChromeDriver safe.
ChromeDriver was started successfully.
[1647751897.824][WARNING]: This version of ChromeDriver has not been tested with Chrome version 99.
Mar 20, 2022 12:51:38 AM org.openqa.selenium.remote.ProtocolHandshake createSession
INFO: Detected dialect: W3C
]]></system-err>
  </testcase>
  <testcase name="flightTest[{destination=MAA, origin2=HYD, destination2=ATQ, origin=DEL}](2)" classname="org.atulsharmaqaacademy.DemoTest" time="5.828">
    <system-out><![CDATA[group-traveller
selected
14
6
I am inside Multi Trip
Select origin city as:HYD
select destination2 as :ATQ
]]></system-out>
  </testcase>
</testsuite>