<?xml version="1.0" encoding="UTF-8"?>
<testng-results ignored="0" total="2" passed="2" failed="0" skipped="0">
  <reporter-output>
  </reporter-output>
  <suite started-at="2022-03-20T00:51:34 EDT" name="All Test Suite" finished-at="2022-03-20T00:51:53 EDT" duration-ms="18613">
    <groups>
    </groups>
    <test started-at="2022-03-20T00:51:34 EDT" name="D:/Automation/DesignPattern" finished-at="2022-03-20T00:51:53 EDT" duration-ms="18613">
      <class name="org.atulsharmaqaacademy.DemoTest">
        <test-method is-config="true" signature="setup()[pri:0, instance:org.atulsharmaqaacademy.DemoTest@77167fb7]" started-at="2022-03-20T00:51:34 EDT" name="setup" finished-at="2022-03-20T00:51:38 EDT" duration-ms="4044" status="PASS">
          <reporter-output>
          </reporter-output>
        </test-method> <!-- setup -->
        <test-method signature="flightTest(java.util.HashMap)[pri:0, instance:org.atulsharmaqaacademy.DemoTest@77167fb7]" started-at="2022-03-20T00:51:39 EDT" name="flightTest" data-provider="getData" finished-at="2022-03-20T00:51:46 EDT" duration-ms="7351" status="PASS">
          <params>
            <param index="0">
              <value>
                <![CDATA[{destination=HYD, origin2=HYD, destination2=DEL, origin=MAA}]]>
              </value>
            </param>
          </params>
          <reporter-output>
          </reporter-output>
        </test-method> <!-- flightTest -->
        <test-method signature="flightTest(java.util.HashMap)[pri:0, instance:org.atulsharmaqaacademy.DemoTest@77167fb7]" started-at="2022-03-20T00:51:46 EDT" name="flightTest" data-provider="getData" finished-at="2022-03-20T00:51:52 EDT" duration-ms="5832" status="PASS">
          <params>
            <param index="0">
              <value>
                <![CDATA[{destination=MAA, origin2=HYD, destination2=ATQ, origin=DEL}]]>
              </value>
            </param>
          </params>
          <reporter-output>
          </reporter-output>
        </test-method> <!-- flightTest -->
        <test-method is-config="true" signature="teardown()[pri:0, instance:org.atulsharmaqaacademy.DemoTest@77167fb7]" started-at="2022-03-20T00:51:52 EDT" name="teardown" finished-at="2022-03-20T00:51:53 EDT" duration-ms="832" status="PASS">
          <reporter-output>
          </reporter-output>
        </test-method> <!-- teardown -->
      </class> <!-- org.atulsharmaqaacademy.DemoTest -->
    </test> <!-- D:/Automation/DesignPattern -->
  </suite> <!-- All Test Suite -->
</testng-results>
