<?xml version="1.0" encoding="UTF-8"?>
<testng-results ignored="6" total="13" passed="7" failed="0" skipped="0">
  <reporter-output>
  </reporter-output>
  <suite started-at="2021-10-19T20:14:31 PDT" name="Loan Department" finished-at="2021-10-19T20:14:31 PDT" duration-ms="148">
    <groups>
      <group name="Smoke">
        <method signature="day1.Secondtest()[pri:0, instance:test.day1@6af93788]" name="Secondtest" class="test.day1"/>
        <method signature="day2.ThirdTest()[pri:0, instance:test.day2@78b66d36]" name="ThirdTest" class="test.day2"/>
        <method signature="day4.webloginHomeLoan()[pri:0, instance:test.day4@69b2283a]" name="webloginHomeLoan" class="test.day4"/>
      </group> <!-- Smoke -->
    </groups>
    <test started-at="2021-10-19T20:14:31 PDT" name="Personal Loan" finished-at="2021-10-19T20:14:31 PDT" duration-ms="58">
      <class name="test.day4">
        <test-method signature="webloginHomeLoan()[pri:0, instance:test.day4@69b2283a]" started-at="2021-10-19T20:14:31 PDT" name="webloginHomeLoan" finished-at="2021-10-19T20:14:31 PDT" duration-ms="1" status="PASS">
          <reporter-output>
          </reporter-output>
        </test-method> <!-- webloginHomeLoan -->
      </class> <!-- test.day4 -->
      <class name="test.day2">
        <test-method is-config="true" signature="prerequiste()[pri:0, instance:test.day2@78b66d36]" started-at="2021-10-19T20:14:31 PDT" name="prerequiste" finished-at="2021-10-19T20:14:31 PDT" duration-ms="1" status="PASS">
          <reporter-output>
          </reporter-output>
        </test-method> <!-- prerequiste -->
        <test-method signature="ThirdTest()[pri:0, instance:test.day2@78b66d36]" started-at="2021-10-19T20:14:31 PDT" name="ThirdTest" finished-at="2021-10-19T20:14:31 PDT" duration-ms="2" status="PASS">
          <reporter-output>
          </reporter-output>
        </test-method> <!-- ThirdTest -->
      </class> <!-- test.day2 -->
      <class name="test.day1">
        <test-method is-config="true" signature="befclass()[pri:0, instance:test.day1@6af93788]" started-at="2021-10-19T20:14:31 PDT" name="befclass" finished-at="2021-10-19T20:14:31 PDT" duration-ms="0" status="PASS">
          <reporter-output>
          </reporter-output>
        </test-method> <!-- befclass -->
        <test-method is-config="true" signature="bemethod()[pri:0, instance:test.day1@6af93788]" started-at="2021-10-19T20:14:31 PDT" name="bemethod" finished-at="2021-10-19T20:14:31 PDT" duration-ms="0" status="PASS">
          <reporter-output>
          </reporter-output>
        </test-method> <!-- bemethod -->
        <test-method signature="Secondtest()[pri:0, instance:test.day1@6af93788]" started-at="2021-10-19T20:14:31 PDT" name="Secondtest" finished-at="2021-10-19T20:14:31 PDT" duration-ms="5" status="PASS">
          <reporter-output>
          </reporter-output>
        </test-method> <!-- Secondtest -->
        <test-method is-config="true" signature="afmethod()[pri:0, instance:test.day1@6af93788]" started-at="2021-10-19T20:14:31 PDT" name="afmethod" finished-at="2021-10-19T20:14:31 PDT" duration-ms="0" status="PASS">
          <reporter-output>
          </reporter-output>
        </test-method> <!-- afmethod -->
        <test-method is-config="true" signature="bemethod()[pri:0, instance:test.day1@6af93788]" started-at="2021-10-19T20:14:31 PDT" name="bemethod" finished-at="2021-10-19T20:14:31 PDT" duration-ms="1" status="PASS">
          <reporter-output>
          </reporter-output>
        </test-method> <!-- bemethod -->
        <test-method signature="demo(java.lang.String,java.lang.String)[pri:0, instance:test.day1@6af93788]" started-at="2021-10-19T20:14:31 PDT" name="demo" finished-at="2021-10-19T20:14:31 PDT" duration-ms="1" status="PASS">
          <params>
            <param index="0">
              <value>
                <![CDATA[qaclickacademy.com]]>
              </value>
            </param>
            <param index="1">
              <value>
                <![CDATA[1233]]>
              </value>
            </param>
          </params>
          <reporter-output>
          </reporter-output>
        </test-method> <!-- demo -->
        <test-method is-config="true" signature="afmethod()[pri:0, instance:test.day1@6af93788]" started-at="2021-10-19T20:14:31 PDT" name="afmethod" finished-at="2021-10-19T20:14:31 PDT" duration-ms="0" status="PASS">
          <reporter-output>
          </reporter-output>
        </test-method> <!-- afmethod -->
        <test-method is-config="true" signature="afclass()[pri:0, instance:test.day1@6af93788]" started-at="2021-10-19T20:14:31 PDT" name="afclass" finished-at="2021-10-19T20:14:31 PDT" duration-ms="0" status="PASS">
          <reporter-output>
          </reporter-output>
        </test-method> <!-- afclass -->
        <test-method is-config="true" signature="lastexe()[pri:0, instance:test.day1@6af93788]" started-at="2021-10-19T20:14:31 PDT" name="lastexe" finished-at="2021-10-19T20:14:31 PDT" duration-ms="0" status="PASS">
          <reporter-output>
          </reporter-output>
        </test-method> <!-- lastexe -->
      </class> <!-- test.day1 -->
    </test> <!-- Personal Loan -->
    <test started-at="2021-10-19T20:14:31 PDT" name="Car Loan" finished-at="2021-10-19T20:14:31 PDT" duration-ms="14">
      <class name="test.day3">
        <test-method is-config="true" signature="bsuite()[pri:0, instance:test.day3@41fbdac4]" started-at="2021-10-19T20:14:31 PDT" name="bsuite" finished-at="2021-10-19T20:14:31 PDT" duration-ms="7" status="PASS">
          <reporter-output>
          </reporter-output>
        </test-method> <!-- bsuite -->
        <test-method is-config="true" signature="cookies()[pri:0, instance:test.day3@41fbdac4]" started-at="2021-10-19T20:14:31 PDT" name="cookies" finished-at="2021-10-19T20:14:31 PDT" duration-ms="0" status="PASS">
          <reporter-output>
          </reporter-output>
        </test-method> <!-- cookies -->
        <test-method signature="apiLogin(java.lang.String,java.lang.String)[pri:0, instance:test.day3@41fbdac4]" started-at="2021-10-19T20:14:31 PDT" name="apiLogin" data-provider="getData" finished-at="2021-10-19T20:14:31 PDT" duration-ms="1" status="PASS">
          <params>
            <param index="0">
              <value>
                <![CDATA[Firstsetusername]]>
              </value>
            </param>
            <param index="1">
              <value>
                <![CDATA[password]]>
              </value>
            </param>
          </params>
          <reporter-output>
          </reporter-output>
        </test-method> <!-- apiLogin -->
        <test-method signature="apiLogin(java.lang.String,java.lang.String)[pri:0, instance:test.day3@41fbdac4]" started-at="2021-10-19T20:14:31 PDT" name="apiLogin" data-provider="getData" finished-at="2021-10-19T20:14:31 PDT" duration-ms="1" status="PASS">
          <params>
            <param index="0">
              <value>
                <![CDATA[secondusername]]>
              </value>
            </param>
            <param index="1">
              <value>
                <![CDATA[pwd]]>
              </value>
            </param>
          </params>
          <reporter-output>
          </reporter-output>
        </test-method> <!-- apiLogin -->
        <test-method signature="apiLogin(java.lang.String,java.lang.String)[pri:0, instance:test.day3@41fbdac4]" started-at="2021-10-19T20:14:31 PDT" name="apiLogin" data-provider="getData" finished-at="2021-10-19T20:14:31 PDT" duration-ms="1" status="PASS">
          <params>
            <param index="0">
              <value>
                <![CDATA[thirdusername]]>
              </value>
            </param>
            <param index="1">
              <value>
                <![CDATA[pwd]]>
              </value>
            </param>
          </params>
          <reporter-output>
          </reporter-output>
        </test-method> <!-- apiLogin -->
        <test-method is-config="true" signature="browserclose()[pri:0, instance:test.day3@41fbdac4]" started-at="2021-10-19T20:14:31 PDT" name="browserclose" finished-at="2021-10-19T20:14:31 PDT" duration-ms="0" status="PASS">
          <reporter-output>
          </reporter-output>
        </test-method> <!-- browserclose -->
      </class> <!-- test.day3 -->
      <class name="test.day1">
        <test-method is-config="true" signature="asuite()[pri:0, instance:test.day1@6af93788]" started-at="2021-10-19T20:14:31 PDT" name="asuite" finished-at="2021-10-19T20:14:31 PDT" duration-ms="0" status="PASS">
          <reporter-output>
          </reporter-output>
        </test-method> <!-- asuite -->
      </class> <!-- test.day1 -->
    </test> <!-- Car Loan -->
  </suite> <!-- Loan Department -->
</testng-results>
